[19:51:13.182] Global cache location '/home/zii/.cache/typescript/4.5', safe file path '/home/zii/coding/github-commits-frontend/node_modules/typescript/lib/typingSafeList.json', types map path /home/zii/coding/github-commits-frontend/node_modules/typescript/lib/typesMap.json
[19:51:13.182] Processing cache location '/home/zii/.cache/typescript/4.5'
[19:51:13.182] Trying to find '/home/zii/.cache/typescript/4.5/package.json'...
[19:51:13.185] Loaded content of '/home/zii/.cache/typescript/4.5/package.json': {"private":true,"dependencies":{"types-registry":"^0.1.596"},"devDependencies":{"@types/accepts":"^1.3.5","@types/argparse":"^2.0.10","@types/async":"^3.2.13","@types/balanced-match":"^1.0.2","@types/big.js":"^6.1.3","@types/bl":"^5.0.2","@types/bluebird":"^3.5.36","@types/body-parser":"^1.19.2","@types/boolbase":"^1.0.1","@types/brace-expansion":"^1.1.0","@types/braces":"^3.0.1","@types/buffer-from":"^1.1.0","@types/bytes":"^3.1.1","@types/call-bind":"^1.0.0","@types/caniuse-api":"^3.0.2","@types/caniuse-lite":"^1.0.1","@types/case-sensitive-paths-webpack-plugin":"^2.1.6","@types/charcodes":"^0.2.0","@types/clean-css":"^4.2.5","@types/cli-spinners":"^1.3.0","@types/clone":"^2.1.1","@types/clone-deep":"^4.0.1","@types/color-convert":"^2.0.0","@types/color-name":"^1.1.1","@types/commondir":"^1.0.0","@types/compressible":"^2.0.0","@types/compression":"^1.7.2","@types/concat-map":"^0.0.1","@types/connect-history-api-fallback":"^1.3.5","@types/consolidate":"^0.14.1","@types/content-disposition":"^0.5.5","@types/content-type":"^1.1.5","@types/convert-source-map":"^1.5.2","@types/cookie":"^0.5.1","@types/cookie-signature":"^1.0.4","@types/core-js":"^2.5.5","@types/cross-spawn":"^6.0.2","@types/css-tree":"^1.0.7","@types/cssesc":"^3.0.0","@types/csso":"^5.0.0","@types/debug":"^4.1.7","@types/default-gateway":"^3.0.1","@types/defaults":"^1.0.3","@types/define-properties":"^1.1.3","@types/depd":"^1.1.32","@types/destroy":"^1.0.0","@types/detect-node":"^2.0.0","@types/dir-glob":"^2.0.1","@types/dns-packet":"^5.2.4","@types/doctrine":"^0.0.5","@types/ee-first":"^1.1.0","@types/encodeurl":"^1.0.0","@types/end-of-stream":"^1.4.1","@types/escape-html":"^1.0.2","@types/eslint":"^8.4.3","@types/eslint-config-prettier":"^6.11.0","@types/eslint-plugin-prettier":"^3.1.0","@types/eslint-scope":"^3.7.3","@types/eslint-utils":"^3.0.1","@types/esprima":"^4.0.3","@types/esquery":"^1.0.2","@types/estraverse":"^5.1.1","@types/esutils":"^2.0.0","@types/etag":"^1.8.1","@types/events":"^3.0.0","@types/express":"^4.17.13","@types/fast-levenshtein":"^0.0.2","@types/file-entry-cache":"^5.0.2","@types/fill-range":"^7.0.0","@types/finalhandler":"^1.1.1","@types/find-cache-dir":"^3.2.1","@types/flat-cache":"^2.0.0","@types/follow-redirects":"^1.14.1","@types/forwarded":"^0.1.0","@types/fresh":"^0.5.0","@types/fs-extra":"^9.0.13","@types/function-bind":"^1.1.6","@types/functional-red-black-tree":"^1.0.1","@types/get-intrinsic":"^1.0.0","@types/glob":"^7.2.0","@types/glob-parent":"^5.1.1","@types/glob-to-regexp":"^0.4.1","@types/graceful-fs":"^4.1.5","@types/has":"^1.0.0","@types/has-symbols":"^1.0.0","@types/hash-sum":"^1.0.0","@types/he":"^1.1.2","@types/hosted-git-info":"^3.0.2","@types/html-minifier-terser":"^6.1.0","@types/http-errors":"^1.8.2","@types/http-proxy":"^1.17.9","@types/icss-utils":"^5.1.0","@types/imurmurhash":"^0.1.1","@types/inherits":"^0.0.30","@types/is-ci":"^3.0.0","@types/is-core-module":"^2.2.0","@types/is-file-esm":"^1.0.0","@types/is-glob":"^4.0.2","@types/is-number":"^7.0.3","@types/isarray":"^2.0.0","@types/isexe":"^2.0.1","@types/js-yaml":"^4.0.5","@types/jsesc":"^3.0.1","@types/json-parse-better-errors":"^1.0.0","@types/jsonfile":"^6.1.0","@types/kind-of":"^6.0.0","@types/loader-runner":"^2.2.4","@types/loader-utils":"^2.0.3","@types/lodash":"^4.14.182","@types/lodash.debounce":"^4.0.7","@types/lodash.defaultsdeep":"^4.6.7","@types/lodash.kebabcase":"^4.1.7","@types/lodash.mapvalues":"^4.6.7","@types/lodash.memoize":"^4.1.7","@types/lodash.merge":"^4.6.7","@types/lodash.truncate":"^4.4.7","@types/lodash.uniq":"^4.5.7","@types/media-typer":"^1.1.1","@types/merge-descriptors":"^1.0.1","@types/merge-stream":"^1.1.2","@types/merge2":"^1.3.1","@types/methods":"^1.1.1","@types/micromatch":"^4.0.2","@types/mime":"^2.0.3","@types/mime-db":"^1.43.1","@types/mime-types":"^2.1.1","@types/minimalistic-assert":"^1.0.1","@types/minimatch":"^3.0.5","@types/minimist":"^1.2.2","@types/minipass":"^3.1.2","@types/mkdirp":"^1.0.2","@types/module-alias":"^2.0.1","@types/ms":"^0.7.31","@types/multicast-dns":"^7.2.1","@types/mz":"^2.7.4","@types/natural-compare":"^1.4.1","@types/negotiator":"^0.6.1","@types/nice-try":"^2.1.0","@types/node-fetch":"^2.6.2","@types/node-forge":"^1.0.2","@types/normalize-package-data":"^2.4.1","@types/normalize-path":"^3.0.0","@types/object-assign":"^4.0.30","@types/object-inspect":"^1.8.1","@types/object-keys":"^1.0.1","@types/on-finished":"^2.3.1","@types/on-headers":"^1.0.0","@types/once":"^1.4.0","@types/opener":"^1.4.0","@types/parse-json":"^4.0.0","@types/parse5":"^6.0.3","@types/parse5-htmlparser2-tree-adapter":"^6.0.1","@types/parseurl":"^1.3.1","@types/path-is-absolute":"^1.0.0","@types/path-parse":"^1.0.19","@types/pg":"^8.6.5","@types/pg-pool":"^2.0.3","@types/picomatch":"^2.3.0","@types/postcss-modules-extract-imports":"^3.0.2","@types/postcss-modules-local-by-default":"^4.0.0","@types/postcss-modules-scope":"^3.0.0","@types/postcss-modules-values":"^4.0.0","@types/prelude-ls":"^1.1.29","@types/prettier":"^2.6.3","@types/prettier-linter-helpers":"^1.0.1","@types/progress":"^2.0.5","@types/proxy-addr":"^2.0.0","@types/pump":"^1.1.1","@types/punycode":"^2.1.0","@types/qs":"^6.9.7","@types/randombytes":"^2.0.0","@types/range-parser":"^1.2.4","@types/readable-stream":"^2.3.13","@types/regenerate":"^1.4.1","@types/regenerator-runtime":"^0.13.1","@types/relateurl":"^0.2.29","@types/require-directory":"^2.1.2","@types/require-from-string":"^1.2.1","@types/requires-port":"^1.0.0","@types/resolve":"^1.20.2","@types/retry":"^0.12.2","@types/rimraf":"^3.0.2","@types/run-parallel":"^1.1.0","@types/safer-buffer":"^2.1.0","@types/sass-loader":"^8.0.3","@types/selfsigned":"^2.0.1","@types/semver":"^7.3.10","@types/send":"^0.17.1","@types/serialize-javascript":"^5.0.2","@types/serve-index":"^1.9.1","@types/serve-static":"^1.13.10","@types/shebang-command":"^1.2.0","@types/shell-quote":"^1.7.1","@types/signal-exit":"^3.0.1","@types/slice-ansi":"^5.0.0","@types/sockjs":"^0.3.33","@types/source-map-support":"^0.5.4","@types/spdx-correct":"^3.1.0","@types/spdx-expression-parse":"^3.0.1","@types/spdy":"^3.4.5","@types/sprintf":"^0.1.0","@types/sprintf-js":"^1.1.2","@types/ssri":"^7.1.1","@types/statuses":"^2.0.0","@types/strip-final-newline":"^3.0.0","@types/supports-color":"^8.1.1","@types/svg-tags":"^1.0.0","@types/svgo":"^2.6.3","@types/text-table":"^0.2.2","@types/thunky":"^1.1.0","@types/to-regex-range":"^5.0.0","@types/type-check":"^0.3.27","@types/type-is":"^1.6.3","@types/universalify":"^1.0.0","@types/util-deprecate":"^1.0.0","@types/utils-merge":"^0.0.28","@types/uuid":"^8.3.4","@types/validate-npm-package-license":"^3.0.1","@types/vary":"^1.1.0","@types/watchpack":"^1.1.7","@types/wcwidth":"^1.0.0","@types/webidl-conversions":"^6.1.1","@types/webpack-bundle-analyzer":"^4.4.1","@types/webpack-sources":"^3.2.0","@types/webpack-virtual-modules":"^0.1.1","@types/whatwg-url":"^8.2.1","@types/which":"^2.0.1","@types/wrap-ansi":"^8.0.1","@types/ws":"^8.5.3","@types/yallist":"^4.0.1","@types/yargs":"^17.0.10","@types/yargs-parser":"^21.0.0"}}
[19:51:13.185] Loaded content of '/home/zii/.cache/typescript/4.5/package-lock.json'
[19:51:13.192] Adding entry into typings cache: 'accepts' => '/home/zii/.cache/typescript/4.5/node_modules/@types/accepts/index.d.ts'
[19:51:13.194] Adding entry into typings cache: 'argparse' => '/home/zii/.cache/typescript/4.5/node_modules/@types/argparse/index.d.ts'
[19:51:13.195] Adding entry into typings cache: 'async' => '/home/zii/.cache/typescript/4.5/node_modules/@types/async/index.d.ts'
[19:51:13.196] Adding entry into typings cache: 'balanced-match' => '/home/zii/.cache/typescript/4.5/node_modules/@types/balanced-match/index.d.ts'
[19:51:13.197] Adding entry into typings cache: 'big.js' => '/home/zii/.cache/typescript/4.5/node_modules/@types/big.js/index.d.ts'
[19:51:13.198] Adding entry into typings cache: 'bl' => '/home/zii/.cache/typescript/4.5/node_modules/@types/bl/index.d.ts'
[19:51:13.198] Adding entry into typings cache: 'bluebird' => '/home/zii/.cache/typescript/4.5/node_modules/@types/bluebird/index.d.ts'
[19:51:13.199] Adding entry into typings cache: 'body-parser' => '/home/zii/.cache/typescript/4.5/node_modules/@types/body-parser/index.d.ts'
[19:51:13.200] Adding entry into typings cache: 'boolbase' => '/home/zii/.cache/typescript/4.5/node_modules/@types/boolbase/index.d.ts'
[19:51:13.201] Adding entry into typings cache: 'brace-expansion' => '/home/zii/.cache/typescript/4.5/node_modules/@types/brace-expansion/index.d.ts'
[19:51:13.203] Adding entry into typings cache: 'braces' => '/home/zii/.cache/typescript/4.5/node_modules/@types/braces/index.d.ts'
[19:51:13.204] Adding entry into typings cache: 'buffer-from' => '/home/zii/.cache/typescript/4.5/node_modules/@types/buffer-from/index.d.ts'
[19:51:13.204] Adding entry into typings cache: 'bytes' => '/home/zii/.cache/typescript/4.5/node_modules/@types/bytes/index.d.ts'
[19:51:13.205] Adding entry into typings cache: 'call-bind' => '/home/zii/.cache/typescript/4.5/node_modules/@types/call-bind/index.d.ts'
[19:51:13.205] Adding entry into typings cache: 'caniuse-api' => '/home/zii/.cache/typescript/4.5/node_modules/@types/caniuse-api/index.d.ts'
[19:51:13.207] Adding entry into typings cache: 'caniuse-lite' => '/home/zii/.cache/typescript/4.5/node_modules/@types/caniuse-lite/index.d.ts'
[19:51:13.207] Adding entry into typings cache: 'case-sensitive-paths-webpack-plugin' => '/home/zii/.cache/typescript/4.5/node_modules/@types/case-sensitive-paths-webpack-plugin/index.d.ts'
[19:51:13.207] Adding entry into typings cache: 'charcodes' => '/home/zii/.cache/typescript/4.5/node_modules/@types/charcodes/index.d.ts'
[19:51:13.208] Adding entry into typings cache: 'clean-css' => '/home/zii/.cache/typescript/4.5/node_modules/@types/clean-css/index.d.ts'
[19:51:13.208] Adding entry into typings cache: 'cli-spinners' => '/home/zii/.cache/typescript/4.5/node_modules/@types/cli-spinners/index.d.ts'
[19:51:13.209] Adding entry into typings cache: 'clone' => '/home/zii/.cache/typescript/4.5/node_modules/@types/clone/index.d.ts'
[19:51:13.209] Adding entry into typings cache: 'clone-deep' => '/home/zii/.cache/typescript/4.5/node_modules/@types/clone-deep/index.d.ts'
[19:51:13.210] Adding entry into typings cache: 'color-convert' => '/home/zii/.cache/typescript/4.5/node_modules/@types/color-convert/index.d.ts'
[19:51:13.210] Adding entry into typings cache: 'color-name' => '/home/zii/.cache/typescript/4.5/node_modules/@types/color-name/index.d.ts'
[19:51:13.210] Adding entry into typings cache: 'commondir' => '/home/zii/.cache/typescript/4.5/node_modules/@types/commondir/index.d.ts'
[19:51:13.211] Adding entry into typings cache: 'compressible' => '/home/zii/.cache/typescript/4.5/node_modules/@types/compressible/index.d.ts'
[19:51:13.212] Adding entry into typings cache: 'compression' => '/home/zii/.cache/typescript/4.5/node_modules/@types/compression/index.d.ts'
[19:51:13.212] Adding entry into typings cache: 'concat-map' => '/home/zii/.cache/typescript/4.5/node_modules/@types/concat-map/index.d.ts'
[19:51:13.213] Adding entry into typings cache: 'connect-history-api-fallback' => '/home/zii/.cache/typescript/4.5/node_modules/@types/connect-history-api-fallback/index.d.ts'
[19:51:13.213] Adding entry into typings cache: 'consolidate' => '/home/zii/.cache/typescript/4.5/node_modules/@types/consolidate/index.d.ts'
[19:51:13.214] Adding entry into typings cache: 'content-disposition' => '/home/zii/.cache/typescript/4.5/node_modules/@types/content-disposition/index.d.ts'
[19:51:13.214] Adding entry into typings cache: 'content-type' => '/home/zii/.cache/typescript/4.5/node_modules/@types/content-type/index.d.ts'
[19:51:13.215] Adding entry into typings cache: 'convert-source-map' => '/home/zii/.cache/typescript/4.5/node_modules/@types/convert-source-map/index.d.ts'
[19:51:13.215] Adding entry into typings cache: 'cookie' => '/home/zii/.cache/typescript/4.5/node_modules/@types/cookie/index.d.ts'
[19:51:13.215] Adding entry into typings cache: 'cookie-signature' => '/home/zii/.cache/typescript/4.5/node_modules/@types/cookie-signature/index.d.ts'
[19:51:13.216] Adding entry into typings cache: 'core-js' => '/home/zii/.cache/typescript/4.5/node_modules/@types/core-js/index.d.ts'
[19:51:13.216] Adding entry into typings cache: 'cross-spawn' => '/home/zii/.cache/typescript/4.5/node_modules/@types/cross-spawn/index.d.ts'
[19:51:13.217] Adding entry into typings cache: 'css-tree' => '/home/zii/.cache/typescript/4.5/node_modules/@types/css-tree/index.d.ts'
[19:51:13.217] Adding entry into typings cache: 'cssesc' => '/home/zii/.cache/typescript/4.5/node_modules/@types/cssesc/index.d.ts'
[19:51:13.217] Adding entry into typings cache: 'csso' => '/home/zii/.cache/typescript/4.5/node_modules/@types/csso/index.d.ts'
[19:51:13.218] Adding entry into typings cache: 'debug' => '/home/zii/.cache/typescript/4.5/node_modules/@types/debug/index.d.ts'
[19:51:13.219] Adding entry into typings cache: 'default-gateway' => '/home/zii/.cache/typescript/4.5/node_modules/@types/default-gateway/index.d.ts'
[19:51:13.219] Adding entry into typings cache: 'defaults' => '/home/zii/.cache/typescript/4.5/node_modules/@types/defaults/index.d.ts'
[19:51:13.219] Adding entry into typings cache: 'define-properties' => '/home/zii/.cache/typescript/4.5/node_modules/@types/define-properties/index.d.ts'
[19:51:13.219] Adding entry into typings cache: 'depd' => '/home/zii/.cache/typescript/4.5/node_modules/@types/depd/index.d.ts'
[19:51:13.220] Adding entry into typings cache: 'destroy' => '/home/zii/.cache/typescript/4.5/node_modules/@types/destroy/index.d.ts'
[19:51:13.220] Adding entry into typings cache: 'detect-node' => '/home/zii/.cache/typescript/4.5/node_modules/@types/detect-node/index.d.ts'
[19:51:13.220] Adding entry into typings cache: 'dir-glob' => '/home/zii/.cache/typescript/4.5/node_modules/@types/dir-glob/index.d.ts'
[19:51:13.221] Adding entry into typings cache: 'dns-packet' => '/home/zii/.cache/typescript/4.5/node_modules/@types/dns-packet/index.d.ts'
[19:51:13.221] Adding entry into typings cache: 'doctrine' => '/home/zii/.cache/typescript/4.5/node_modules/@types/doctrine/index.d.ts'
[19:51:13.222] Adding entry into typings cache: 'ee-first' => '/home/zii/.cache/typescript/4.5/node_modules/@types/ee-first/index.d.ts'
[19:51:13.222] Adding entry into typings cache: 'encodeurl' => '/home/zii/.cache/typescript/4.5/node_modules/@types/encodeurl/index.d.ts'
[19:51:13.222] Adding entry into typings cache: 'end-of-stream' => '/home/zii/.cache/typescript/4.5/node_modules/@types/end-of-stream/index.d.ts'
[19:51:13.223] Adding entry into typings cache: 'escape-html' => '/home/zii/.cache/typescript/4.5/node_modules/@types/escape-html/index.d.ts'
[19:51:13.223] Adding entry into typings cache: 'eslint' => '/home/zii/.cache/typescript/4.5/node_modules/@types/eslint/index.d.ts'
[19:51:13.224] Adding entry into typings cache: 'eslint-config-prettier' => '/home/zii/.cache/typescript/4.5/node_modules/@types/eslint-config-prettier/index.d.ts'
[19:51:13.224] Adding entry into typings cache: 'eslint-plugin-prettier' => '/home/zii/.cache/typescript/4.5/node_modules/@types/eslint-plugin-prettier/index.d.ts'
[19:51:13.225] Adding entry into typings cache: 'eslint-scope' => '/home/zii/.cache/typescript/4.5/node_modules/@types/eslint-scope/index.d.ts'
[19:51:13.225] Adding entry into typings cache: 'eslint-utils' => '/home/zii/.cache/typescript/4.5/node_modules/@types/eslint-utils/index.d.ts'
[19:51:13.226] Adding entry into typings cache: 'esprima' => '/home/zii/.cache/typescript/4.5/node_modules/@types/esprima/index.d.ts'
[19:51:13.226] Adding entry into typings cache: 'esquery' => '/home/zii/.cache/typescript/4.5/node_modules/@types/esquery/index.d.ts'
[19:51:13.227] Adding entry into typings cache: 'estraverse' => '/home/zii/.cache/typescript/4.5/node_modules/@types/estraverse/index.d.ts'
[19:51:13.227] Adding entry into typings cache: 'esutils' => '/home/zii/.cache/typescript/4.5/node_modules/@types/esutils/index.d.ts'
[19:51:13.228] Adding entry into typings cache: 'etag' => '/home/zii/.cache/typescript/4.5/node_modules/@types/etag/index.d.ts'
[19:51:13.228] Adding entry into typings cache: 'events' => '/home/zii/.cache/typescript/4.5/node_modules/@types/events/index.d.ts'
[19:51:13.229] Adding entry into typings cache: 'express' => '/home/zii/.cache/typescript/4.5/node_modules/@types/express/index.d.ts'
[19:51:13.230] Adding entry into typings cache: 'fast-levenshtein' => '/home/zii/.cache/typescript/4.5/node_modules/@types/fast-levenshtein/index.d.ts'
[19:51:13.230] Adding entry into typings cache: 'file-entry-cache' => '/home/zii/.cache/typescript/4.5/node_modules/@types/file-entry-cache/index.d.ts'
[19:51:13.232] Adding entry into typings cache: 'fill-range' => '/home/zii/.cache/typescript/4.5/node_modules/@types/fill-range/index.d.ts'
[19:51:13.232] Adding entry into typings cache: 'finalhandler' => '/home/zii/.cache/typescript/4.5/node_modules/@types/finalhandler/index.d.ts'
[19:51:13.233] Adding entry into typings cache: 'find-cache-dir' => '/home/zii/.cache/typescript/4.5/node_modules/@types/find-cache-dir/index.d.ts'
[19:51:13.233] Adding entry into typings cache: 'flat-cache' => '/home/zii/.cache/typescript/4.5/node_modules/@types/flat-cache/index.d.ts'
[19:51:13.234] Adding entry into typings cache: 'follow-redirects' => '/home/zii/.cache/typescript/4.5/node_modules/@types/follow-redirects/index.d.ts'
[19:51:13.234] Adding entry into typings cache: 'forwarded' => '/home/zii/.cache/typescript/4.5/node_modules/@types/forwarded/index.d.ts'
[19:51:13.235] Adding entry into typings cache: 'fresh' => '/home/zii/.cache/typescript/4.5/node_modules/@types/fresh/index.d.ts'
[19:51:13.236] Adding entry into typings cache: 'fs-extra' => '/home/zii/.cache/typescript/4.5/node_modules/@types/fs-extra/index.d.ts'
[19:51:13.236] Adding entry into typings cache: 'function-bind' => '/home/zii/.cache/typescript/4.5/node_modules/@types/function-bind/index.d.ts'
[19:51:13.236] Adding entry into typings cache: 'functional-red-black-tree' => '/home/zii/.cache/typescript/4.5/node_modules/@types/functional-red-black-tree/index.d.ts'
[19:51:13.237] Adding entry into typings cache: 'get-intrinsic' => '/home/zii/.cache/typescript/4.5/node_modules/@types/get-intrinsic/index.d.ts'
[19:51:13.238] Adding entry into typings cache: 'glob' => '/home/zii/.cache/typescript/4.5/node_modules/@types/glob/index.d.ts'
[19:51:13.239] Adding entry into typings cache: 'glob-parent' => '/home/zii/.cache/typescript/4.5/node_modules/@types/glob-parent/index.d.ts'
[19:51:13.239] Adding entry into typings cache: 'glob-to-regexp' => '/home/zii/.cache/typescript/4.5/node_modules/@types/glob-to-regexp/index.d.ts'
[19:51:13.240] Adding entry into typings cache: 'graceful-fs' => '/home/zii/.cache/typescript/4.5/node_modules/@types/graceful-fs/index.d.ts'
[19:51:13.241] Adding entry into typings cache: 'has' => '/home/zii/.cache/typescript/4.5/node_modules/@types/has/index.d.ts'
[19:51:13.241] Adding entry into typings cache: 'has-symbols' => '/home/zii/.cache/typescript/4.5/node_modules/@types/has-symbols/index.d.ts'
[19:51:13.241] Adding entry into typings cache: 'hash-sum' => '/home/zii/.cache/typescript/4.5/node_modules/@types/hash-sum/index.d.ts'
[19:51:13.241] Adding entry into typings cache: 'he' => '/home/zii/.cache/typescript/4.5/node_modules/@types/he/index.d.ts'
[19:51:13.242] Adding entry into typings cache: 'hosted-git-info' => '/home/zii/.cache/typescript/4.5/node_modules/@types/hosted-git-info/index.d.ts'
[19:51:13.242] Adding entry into typings cache: 'html-minifier-terser' => '/home/zii/.cache/typescript/4.5/node_modules/@types/html-minifier-terser/index.d.ts'
[19:51:13.242] Adding entry into typings cache: 'http-errors' => '/home/zii/.cache/typescript/4.5/node_modules/@types/http-errors/index.d.ts'
[19:51:13.243] Adding entry into typings cache: 'http-proxy' => '/home/zii/.cache/typescript/4.5/node_modules/@types/http-proxy/index.d.ts'
[19:51:13.243] Adding entry into typings cache: 'icss-utils' => '/home/zii/.cache/typescript/4.5/node_modules/@types/icss-utils/index.d.ts'
[19:51:13.243] Adding entry into typings cache: 'imurmurhash' => '/home/zii/.cache/typescript/4.5/node_modules/@types/imurmurhash/index.d.ts'
[19:51:13.244] Adding entry into typings cache: 'inherits' => '/home/zii/.cache/typescript/4.5/node_modules/@types/inherits/index.d.ts'
[19:51:13.244] Adding entry into typings cache: 'is-ci' => '/home/zii/.cache/typescript/4.5/node_modules/@types/is-ci/index.d.ts'
[19:51:13.244] Adding entry into typings cache: 'is-core-module' => '/home/zii/.cache/typescript/4.5/node_modules/@types/is-core-module/index.d.ts'
[19:51:13.244] Adding entry into typings cache: 'is-file-esm' => '/home/zii/.cache/typescript/4.5/node_modules/@types/is-file-esm/index.d.ts'
[19:51:13.245] Adding entry into typings cache: 'is-glob' => '/home/zii/.cache/typescript/4.5/node_modules/@types/is-glob/index.d.ts'
[19:51:13.246] Adding entry into typings cache: 'is-number' => '/home/zii/.cache/typescript/4.5/node_modules/@types/is-number/index.d.ts'
[19:51:13.246] Adding entry into typings cache: 'isarray' => '/home/zii/.cache/typescript/4.5/node_modules/@types/isarray/index.d.ts'
[19:51:13.247] Adding entry into typings cache: 'isexe' => '/home/zii/.cache/typescript/4.5/node_modules/@types/isexe/index.d.ts'
[19:51:13.247] Adding entry into typings cache: 'js-yaml' => '/home/zii/.cache/typescript/4.5/node_modules/@types/js-yaml/index.d.ts'
[19:51:13.247] Adding entry into typings cache: 'jsesc' => '/home/zii/.cache/typescript/4.5/node_modules/@types/jsesc/index.d.ts'
[19:51:13.248] Adding entry into typings cache: 'json-parse-better-errors' => '/home/zii/.cache/typescript/4.5/node_modules/@types/json-parse-better-errors/index.d.ts'
[19:51:13.248] Adding entry into typings cache: 'jsonfile' => '/home/zii/.cache/typescript/4.5/node_modules/@types/jsonfile/index.d.ts'
[19:51:13.249] Adding entry into typings cache: 'kind-of' => '/home/zii/.cache/typescript/4.5/node_modules/@types/kind-of/index.d.ts'
[19:51:13.250] Adding entry into typings cache: 'loader-runner' => '/home/zii/.cache/typescript/4.5/node_modules/@types/loader-runner/index.d.ts'
[19:51:13.250] Adding entry into typings cache: 'loader-utils' => '/home/zii/.cache/typescript/4.5/node_modules/@types/loader-utils/index.d.ts'
[19:51:13.251] Adding entry into typings cache: 'lodash' => '/home/zii/.cache/typescript/4.5/node_modules/@types/lodash/index.d.ts'
[19:51:13.251] Adding entry into typings cache: 'lodash.debounce' => '/home/zii/.cache/typescript/4.5/node_modules/@types/lodash.debounce/index.d.ts'
[19:51:13.252] Adding entry into typings cache: 'lodash.defaultsdeep' => '/home/zii/.cache/typescript/4.5/node_modules/@types/lodash.defaultsdeep/index.d.ts'
[19:51:13.252] Adding entry into typings cache: 'lodash.kebabcase' => '/home/zii/.cache/typescript/4.5/node_modules/@types/lodash.kebabcase/index.d.ts'
[19:51:13.252] Adding entry into typings cache: 'lodash.mapvalues' => '/home/zii/.cache/typescript/4.5/node_modules/@types/lodash.mapvalues/index.d.ts'
[19:51:13.252] Adding entry into typings cache: 'lodash.memoize' => '/home/zii/.cache/typescript/4.5/node_modules/@types/lodash.memoize/index.d.ts'
[19:51:13.253] Adding entry into typings cache: 'lodash.merge' => '/home/zii/.cache/typescript/4.5/node_modules/@types/lodash.merge/index.d.ts'
[19:51:13.253] Adding entry into typings cache: 'lodash.truncate' => '/home/zii/.cache/typescript/4.5/node_modules/@types/lodash.truncate/index.d.ts'
[19:51:13.254] Adding entry into typings cache: 'lodash.uniq' => '/home/zii/.cache/typescript/4.5/node_modules/@types/lodash.uniq/index.d.ts'
[19:51:13.254] Adding entry into typings cache: 'media-typer' => '/home/zii/.cache/typescript/4.5/node_modules/@types/media-typer/index.d.ts'
[19:51:13.255] Adding entry into typings cache: 'merge-descriptors' => '/home/zii/.cache/typescript/4.5/node_modules/@types/merge-descriptors/index.d.ts'
[19:51:13.256] Adding entry into typings cache: 'merge-stream' => '/home/zii/.cache/typescript/4.5/node_modules/@types/merge-stream/index.d.ts'
[19:51:13.256] Adding entry into typings cache: 'merge2' => '/home/zii/.cache/typescript/4.5/node_modules/@types/merge2/index.d.ts'
[19:51:13.257] Adding entry into typings cache: 'methods' => '/home/zii/.cache/typescript/4.5/node_modules/@types/methods/index.d.ts'
[19:51:13.257] Adding entry into typings cache: 'micromatch' => '/home/zii/.cache/typescript/4.5/node_modules/@types/micromatch/index.d.ts'
[19:51:13.258] Adding entry into typings cache: 'mime' => '/home/zii/.cache/typescript/4.5/node_modules/@types/mime/index.d.ts'
[19:51:13.258] Adding entry into typings cache: 'mime-db' => '/home/zii/.cache/typescript/4.5/node_modules/@types/mime-db/index.d.ts'
[19:51:13.259] Adding entry into typings cache: 'mime-types' => '/home/zii/.cache/typescript/4.5/node_modules/@types/mime-types/index.d.ts'
[19:51:13.259] Adding entry into typings cache: 'minimalistic-assert' => '/home/zii/.cache/typescript/4.5/node_modules/@types/minimalistic-assert/index.d.ts'
[19:51:13.259] Adding entry into typings cache: 'minimatch' => '/home/zii/.cache/typescript/4.5/node_modules/@types/minimatch/index.d.ts'
[19:51:13.259] Adding entry into typings cache: 'minimist' => '/home/zii/.cache/typescript/4.5/node_modules/@types/minimist/index.d.ts'
[19:51:13.260] Adding entry into typings cache: 'minipass' => '/home/zii/.cache/typescript/4.5/node_modules/@types/minipass/index.d.ts'
[19:51:13.260] Adding entry into typings cache: 'mkdirp' => '/home/zii/.cache/typescript/4.5/node_modules/@types/mkdirp/index.d.ts'
[19:51:13.260] Adding entry into typings cache: 'module-alias' => '/home/zii/.cache/typescript/4.5/node_modules/@types/module-alias/index.d.ts'
[19:51:13.261] Adding entry into typings cache: 'ms' => '/home/zii/.cache/typescript/4.5/node_modules/@types/ms/index.d.ts'
[19:51:13.261] Adding entry into typings cache: 'multicast-dns' => '/home/zii/.cache/typescript/4.5/node_modules/@types/multicast-dns/index.d.ts'
[19:51:13.261] Adding entry into typings cache: 'mz' => '/home/zii/.cache/typescript/4.5/node_modules/@types/mz/index.d.ts'
[19:51:13.261] Adding entry into typings cache: 'natural-compare' => '/home/zii/.cache/typescript/4.5/node_modules/@types/natural-compare/index.d.ts'
[19:51:13.262] Adding entry into typings cache: 'negotiator' => '/home/zii/.cache/typescript/4.5/node_modules/@types/negotiator/index.d.ts'
[19:51:13.262] Adding entry into typings cache: 'nice-try' => '/home/zii/.cache/typescript/4.5/node_modules/@types/nice-try/index.d.ts'
[19:51:13.263] Adding entry into typings cache: 'node-fetch' => '/home/zii/.cache/typescript/4.5/node_modules/@types/node-fetch/index.d.ts'
[19:51:13.263] Adding entry into typings cache: 'node-forge' => '/home/zii/.cache/typescript/4.5/node_modules/@types/node-forge/index.d.ts'
[19:51:13.264] Adding entry into typings cache: 'normalize-package-data' => '/home/zii/.cache/typescript/4.5/node_modules/@types/normalize-package-data/index.d.ts'
[19:51:13.264] Adding entry into typings cache: 'normalize-path' => '/home/zii/.cache/typescript/4.5/node_modules/@types/normalize-path/index.d.ts'
[19:51:13.265] Adding entry into typings cache: 'object-assign' => '/home/zii/.cache/typescript/4.5/node_modules/@types/object-assign/index.d.ts'
[19:51:13.265] Adding entry into typings cache: 'object-inspect' => '/home/zii/.cache/typescript/4.5/node_modules/@types/object-inspect/index.d.ts'
[19:51:13.265] Adding entry into typings cache: 'object-keys' => '/home/zii/.cache/typescript/4.5/node_modules/@types/object-keys/index.d.ts'
[19:51:13.266] Adding entry into typings cache: 'on-finished' => '/home/zii/.cache/typescript/4.5/node_modules/@types/on-finished/index.d.ts'
[19:51:13.266] Adding entry into typings cache: 'on-headers' => '/home/zii/.cache/typescript/4.5/node_modules/@types/on-headers/index.d.ts'
[19:51:13.266] Adding entry into typings cache: 'once' => '/home/zii/.cache/typescript/4.5/node_modules/@types/once/index.d.ts'
[19:51:13.266] Adding entry into typings cache: 'opener' => '/home/zii/.cache/typescript/4.5/node_modules/@types/opener/index.d.ts'
[19:51:13.266] Adding entry into typings cache: 'parse-json' => '/home/zii/.cache/typescript/4.5/node_modules/@types/parse-json/index.d.ts'
[19:51:13.267] Adding entry into typings cache: 'parse5' => '/home/zii/.cache/typescript/4.5/node_modules/@types/parse5/index.d.ts'
[19:51:13.267] Adding entry into typings cache: 'parse5-htmlparser2-tree-adapter' => '/home/zii/.cache/typescript/4.5/node_modules/@types/parse5-htmlparser2-tree-adapter/index.d.ts'
[19:51:13.267] Adding entry into typings cache: 'parseurl' => '/home/zii/.cache/typescript/4.5/node_modules/@types/parseurl/index.d.ts'
[19:51:13.267] Adding entry into typings cache: 'path-is-absolute' => '/home/zii/.cache/typescript/4.5/node_modules/@types/path-is-absolute/index.d.ts'
[19:51:13.268] Adding entry into typings cache: 'path-parse' => '/home/zii/.cache/typescript/4.5/node_modules/@types/path-parse/index.d.ts'
[19:51:13.268] Adding entry into typings cache: 'pg' => '/home/zii/.cache/typescript/4.5/node_modules/@types/pg/index.d.ts'
[19:51:13.268] Adding entry into typings cache: 'pg-pool' => '/home/zii/.cache/typescript/4.5/node_modules/@types/pg-pool/index.d.ts'
[19:51:13.269] Adding entry into typings cache: 'picomatch' => '/home/zii/.cache/typescript/4.5/node_modules/@types/picomatch/index.d.ts'
[19:51:13.270] Adding entry into typings cache: 'postcss-modules-extract-imports' => '/home/zii/.cache/typescript/4.5/node_modules/@types/postcss-modules-extract-imports/index.d.ts'
[19:51:13.270] Adding entry into typings cache: 'postcss-modules-local-by-default' => '/home/zii/.cache/typescript/4.5/node_modules/@types/postcss-modules-local-by-default/index.d.ts'
[19:51:13.270] Adding entry into typings cache: 'postcss-modules-scope' => '/home/zii/.cache/typescript/4.5/node_modules/@types/postcss-modules-scope/index.d.ts'
[19:51:13.271] Adding entry into typings cache: 'postcss-modules-values' => '/home/zii/.cache/typescript/4.5/node_modules/@types/postcss-modules-values/index.d.ts'
[19:51:13.271] Adding entry into typings cache: 'prelude-ls' => '/home/zii/.cache/typescript/4.5/node_modules/@types/prelude-ls/index.d.ts'
[19:51:13.271] Adding entry into typings cache: 'prettier' => '/home/zii/.cache/typescript/4.5/node_modules/@types/prettier/index.d.ts'
[19:51:13.272] Adding entry into typings cache: 'prettier-linter-helpers' => '/home/zii/.cache/typescript/4.5/node_modules/@types/prettier-linter-helpers/index.d.ts'
[19:51:13.272] Adding entry into typings cache: 'progress' => '/home/zii/.cache/typescript/4.5/node_modules/@types/progress/index.d.ts'
[19:51:13.272] Adding entry into typings cache: 'proxy-addr' => '/home/zii/.cache/typescript/4.5/node_modules/@types/proxy-addr/index.d.ts'
[19:51:13.272] Adding entry into typings cache: 'pump' => '/home/zii/.cache/typescript/4.5/node_modules/@types/pump/index.d.ts'
[19:51:13.273] Adding entry into typings cache: 'punycode' => '/home/zii/.cache/typescript/4.5/node_modules/@types/punycode/index.d.ts'
[19:51:13.273] Adding entry into typings cache: 'qs' => '/home/zii/.cache/typescript/4.5/node_modules/@types/qs/index.d.ts'
[19:51:13.275] Adding entry into typings cache: 'randombytes' => '/home/zii/.cache/typescript/4.5/node_modules/@types/randombytes/index.d.ts'
[19:51:13.275] Adding entry into typings cache: 'range-parser' => '/home/zii/.cache/typescript/4.5/node_modules/@types/range-parser/index.d.ts'
[19:51:13.277] Adding entry into typings cache: 'readable-stream' => '/home/zii/.cache/typescript/4.5/node_modules/@types/readable-stream/index.d.ts'
[19:51:13.277] Adding entry into typings cache: 'regenerate' => '/home/zii/.cache/typescript/4.5/node_modules/@types/regenerate/index.d.ts'
[19:51:13.278] Adding entry into typings cache: 'regenerator-runtime' => '/home/zii/.cache/typescript/4.5/node_modules/@types/regenerator-runtime/index.d.ts'
[19:51:13.278] Adding entry into typings cache: 'relateurl' => '/home/zii/.cache/typescript/4.5/node_modules/@types/relateurl/index.d.ts'
[19:51:13.278] Adding entry into typings cache: 'require-directory' => '/home/zii/.cache/typescript/4.5/node_modules/@types/require-directory/index.d.ts'
[19:51:13.279] Adding entry into typings cache: 'require-from-string' => '/home/zii/.cache/typescript/4.5/node_modules/@types/require-from-string/index.d.ts'
[19:51:13.279] Adding entry into typings cache: 'requires-port' => '/home/zii/.cache/typescript/4.5/node_modules/@types/requires-port/index.d.ts'
[19:51:13.279] Adding entry into typings cache: 'resolve' => '/home/zii/.cache/typescript/4.5/node_modules/@types/resolve/index.d.ts'
[19:51:13.280] Adding entry into typings cache: 'retry' => '/home/zii/.cache/typescript/4.5/node_modules/@types/retry/index.d.ts'
[19:51:13.280] Adding entry into typings cache: 'rimraf' => '/home/zii/.cache/typescript/4.5/node_modules/@types/rimraf/index.d.ts'
[19:51:13.280] Adding entry into typings cache: 'run-parallel' => '/home/zii/.cache/typescript/4.5/node_modules/@types/run-parallel/index.d.ts'
[19:51:13.280] Adding entry into typings cache: 'safer-buffer' => '/home/zii/.cache/typescript/4.5/node_modules/@types/safer-buffer/index.d.ts'
[19:51:13.281] Adding entry into typings cache: 'sass-loader' => '/home/zii/.cache/typescript/4.5/node_modules/@types/sass-loader/index.d.ts'
[19:51:13.281] Adding entry into typings cache: 'selfsigned' => '/home/zii/.cache/typescript/4.5/node_modules/@types/selfsigned/index.d.ts'
[19:51:13.281] Adding entry into typings cache: 'semver' => '/home/zii/.cache/typescript/4.5/node_modules/@types/semver/index.d.ts'
[19:51:13.281] Adding entry into typings cache: 'send' => '/home/zii/.cache/typescript/4.5/node_modules/@types/send/index.d.ts'
[19:51:13.282] Adding entry into typings cache: 'serialize-javascript' => '/home/zii/.cache/typescript/4.5/node_modules/@types/serialize-javascript/index.d.ts'
[19:51:13.282] Adding entry into typings cache: 'serve-index' => '/home/zii/.cache/typescript/4.5/node_modules/@types/serve-index/index.d.ts'
[19:51:13.282] Adding entry into typings cache: 'serve-static' => '/home/zii/.cache/typescript/4.5/node_modules/@types/serve-static/index.d.ts'
[19:51:13.282] Adding entry into typings cache: 'shebang-command' => '/home/zii/.cache/typescript/4.5/node_modules/@types/shebang-command/index.d.ts'
[19:51:13.283] Adding entry into typings cache: 'shell-quote' => '/home/zii/.cache/typescript/4.5/node_modules/@types/shell-quote/index.d.ts'
[19:51:13.283] Adding entry into typings cache: 'signal-exit' => '/home/zii/.cache/typescript/4.5/node_modules/@types/signal-exit/index.d.ts'
[19:51:13.283] Adding entry into typings cache: 'slice-ansi' => '/home/zii/.cache/typescript/4.5/node_modules/@types/slice-ansi/index.d.ts'
[19:51:13.283] Adding entry into typings cache: 'sockjs' => '/home/zii/.cache/typescript/4.5/node_modules/@types/sockjs/index.d.ts'
[19:51:13.284] Adding entry into typings cache: 'source-map-support' => '/home/zii/.cache/typescript/4.5/node_modules/@types/source-map-support/index.d.ts'
[19:51:13.284] Adding entry into typings cache: 'spdx-correct' => '/home/zii/.cache/typescript/4.5/node_modules/@types/spdx-correct/index.d.ts'
[19:51:13.284] Adding entry into typings cache: 'spdx-expression-parse' => '/home/zii/.cache/typescript/4.5/node_modules/@types/spdx-expression-parse/index.d.ts'
[19:51:13.285] Adding entry into typings cache: 'spdy' => '/home/zii/.cache/typescript/4.5/node_modules/@types/spdy/index.d.ts'
[19:51:13.285] Adding entry into typings cache: 'sprintf' => '/home/zii/.cache/typescript/4.5/node_modules/@types/sprintf/index.d.ts'
[19:51:13.286] Adding entry into typings cache: 'sprintf-js' => '/home/zii/.cache/typescript/4.5/node_modules/@types/sprintf-js/index.d.ts'
[19:51:13.286] Adding entry into typings cache: 'ssri' => '/home/zii/.cache/typescript/4.5/node_modules/@types/ssri/index.d.ts'
[19:51:13.286] Adding entry into typings cache: 'statuses' => '/home/zii/.cache/typescript/4.5/node_modules/@types/statuses/index.d.ts'
[19:51:13.286] Adding entry into typings cache: 'strip-final-newline' => '/home/zii/.cache/typescript/4.5/node_modules/@types/strip-final-newline/index.d.ts'
[19:51:13.287] Adding entry into typings cache: 'supports-color' => '/home/zii/.cache/typescript/4.5/node_modules/@types/supports-color/index.d.ts'
[19:51:13.287] Adding entry into typings cache: 'svg-tags' => '/home/zii/.cache/typescript/4.5/node_modules/@types/svg-tags/index.d.ts'
[19:51:13.288] Adding entry into typings cache: 'svgo' => '/home/zii/.cache/typescript/4.5/node_modules/@types/svgo/index.d.ts'
[19:51:13.288] Adding entry into typings cache: 'text-table' => '/home/zii/.cache/typescript/4.5/node_modules/@types/text-table/index.d.ts'
[19:51:13.288] Adding entry into typings cache: 'thunky' => '/home/zii/.cache/typescript/4.5/node_modules/@types/thunky/index.d.ts'
[19:51:13.289] Adding entry into typings cache: 'to-regex-range' => '/home/zii/.cache/typescript/4.5/node_modules/@types/to-regex-range/index.d.ts'
[19:51:13.289] Adding entry into typings cache: 'type-check' => '/home/zii/.cache/typescript/4.5/node_modules/@types/type-check/index.d.ts'
[19:51:13.289] Adding entry into typings cache: 'type-is' => '/home/zii/.cache/typescript/4.5/node_modules/@types/type-is/index.d.ts'
[19:51:13.290] Adding entry into typings cache: 'universalify' => '/home/zii/.cache/typescript/4.5/node_modules/@types/universalify/index.d.ts'
[19:51:13.290] Adding entry into typings cache: 'util-deprecate' => '/home/zii/.cache/typescript/4.5/node_modules/@types/util-deprecate/index.d.ts'
[19:51:13.291] Adding entry into typings cache: 'utils-merge' => '/home/zii/.cache/typescript/4.5/node_modules/@types/utils-merge/index.d.ts'
[19:51:13.291] Adding entry into typings cache: 'uuid' => '/home/zii/.cache/typescript/4.5/node_modules/@types/uuid/index.d.ts'
[19:51:13.291] Adding entry into typings cache: 'validate-npm-package-license' => '/home/zii/.cache/typescript/4.5/node_modules/@types/validate-npm-package-license/index.d.ts'
[19:51:13.291] Adding entry into typings cache: 'vary' => '/home/zii/.cache/typescript/4.5/node_modules/@types/vary/index.d.ts'
[19:51:13.292] Adding entry into typings cache: 'watchpack' => '/home/zii/.cache/typescript/4.5/node_modules/@types/watchpack/index.d.ts'
[19:51:13.293] Adding entry into typings cache: 'wcwidth' => '/home/zii/.cache/typescript/4.5/node_modules/@types/wcwidth/index.d.ts'
[19:51:13.293] Adding entry into typings cache: 'webidl-conversions' => '/home/zii/.cache/typescript/4.5/node_modules/@types/webidl-conversions/index.d.ts'
[19:51:13.294] Adding entry into typings cache: 'webpack-bundle-analyzer' => '/home/zii/.cache/typescript/4.5/node_modules/@types/webpack-bundle-analyzer/index.d.ts'
[19:51:13.294] Adding entry into typings cache: 'webpack-sources' => '/home/zii/.cache/typescript/4.5/node_modules/@types/webpack-sources/index.d.ts'
[19:51:13.294] Adding entry into typings cache: 'webpack-virtual-modules' => '/home/zii/.cache/typescript/4.5/node_modules/@types/webpack-virtual-modules/index.d.ts'
[19:51:13.295] Adding entry into typings cache: 'whatwg-url' => '/home/zii/.cache/typescript/4.5/node_modules/@types/whatwg-url/index.d.ts'
[19:51:13.296] Adding entry into typings cache: 'which' => '/home/zii/.cache/typescript/4.5/node_modules/@types/which/index.d.ts'
[19:51:13.296] Adding entry into typings cache: 'wrap-ansi' => '/home/zii/.cache/typescript/4.5/node_modules/@types/wrap-ansi/index.d.ts'
[19:51:13.297] Adding entry into typings cache: 'ws' => '/home/zii/.cache/typescript/4.5/node_modules/@types/ws/index.d.ts'
[19:51:13.297] Adding entry into typings cache: 'yallist' => '/home/zii/.cache/typescript/4.5/node_modules/@types/yallist/index.d.ts'
[19:51:13.297] Adding entry into typings cache: 'yargs' => '/home/zii/.cache/typescript/4.5/node_modules/@types/yargs/index.d.ts'
[19:51:13.298] Adding entry into typings cache: 'yargs-parser' => '/home/zii/.cache/typescript/4.5/node_modules/@types/yargs-parser/index.d.ts'
[19:51:13.298] Finished processing cache location '/home/zii/.cache/typescript/4.5'
[19:51:13.298] Process id: 29151
[19:51:13.298] NPM location: /home/zii/.nvm/versions/node/v16.15.1/bin/npm (explicit '--npmLocation' not  provided)
[19:51:13.298] validateDefaultNpmLocation: false
[19:51:13.298] Npm config file: /home/zii/.cache/typescript/4.5/package.json
[19:51:13.298] Updating types-registry npm package...
[19:51:13.298] Exec: /home/zii/.nvm/versions/node/v16.15.1/bin/npm install --ignore-scripts types-registry@latest
[19:51:14.365]     Succeeded. stdout:
    
    up to date, audited 478 packages in 902ms

10 packages are looking for funding
  run `npm fund` for details

3 high severity vulnerabilities

To address all issues (including breaking changes), run:
  npm audit fix --force

Run `npm audit` for details.

[19:51:14.365] Updated types-registry npm package
