Info 0    [08:53:34.389] Starting TS Server
Info 1    [08:53:34.389] Version: 4.5.5
Info 2    [08:53:34.389] Arguments: /home/zii/.nvm/versions/node/v16.15.1/bin/node /home/zii/coding/github-commits-frontend/node_modules/typescript/lib/tsserver.js --logFile /home/zii/coding/github-commits-frontend/.log/tsserver.log --logVerbosity info --cancellationPipeName /tmp/429c06468c9a64ab31b46f95fa48d2cd/tscancellation*
Info 3    [08:53:34.389] Platform: linux NodeVersion: 16 CaseSensitive: true
Info 4    [08:53:34.389] ServerMode: undefined syntaxOnly: false hasUnknownServerMode: undefined
Info 5    [08:53:34.397] Format host information updated
Info 6    [08:53:34.662] Search path: /home/zii/coding/github-commits-frontend/src/router
Info 7    [08:53:34.663] For info: /home/zii/coding/github-commits-frontend/src/router/index.ts :: Config file name: /home/zii/coding/github-commits-frontend/tsconfig.json
Info 8    [08:53:34.663] Creating configuration project /home/zii/coding/github-commits-frontend/tsconfig.json
Info 9    [08:53:34.681] Config: /home/zii/coding/github-commits-frontend/tsconfig.json : {
 "rootNames": [
  "/home/zii/coding/github-commits-frontend/src/main.ts",
  "/home/zii/coding/github-commits-frontend/src/shims-vue.d.ts",
  "/home/zii/coding/github-commits-frontend/src/router/index.ts"
 ],
 "options": {
  "target": 99,
  "module": 99,
  "strict": true,
  "jsx": 1,
  "moduleResolution": 2,
  "skipLibCheck": true,
  "esModuleInterop": true,
  "allowSyntheticDefaultImports": true,
  "forceConsistentCasingInFileNames": true,
  "useDefineForClassFields": true,
  "sourceMap": true,
  "baseUrl": "/home/zii/coding/github-commits-frontend",
  "types": [
   "webpack-env"
  ],
  "paths": {
   "@/*": [
    "src/*"
   ]
  },
  "lib": [
   "lib.esnext.d.ts",
   "lib.dom.d.ts",
   "lib.dom.iterable.d.ts",
   "lib.scripthost.d.ts"
  ],
  "pathsBasePath": "/home/zii/coding/github-commits-frontend",
  "configFilePath": "/home/zii/coding/github-commits-frontend/tsconfig.json"
 }
}
Info 10   [08:53:34.685] Starting updateGraphWorker: Project: /home/zii/coding/github-commits-frontend/tsconfig.json
Info 11   [08:53:35.548] Finishing updateGraphWorker: Project: /home/zii/coding/github-commits-frontend/tsconfig.json Version: 1 structureChanged: true structureIsReused:: Not Elapsed: 863.0015960037708ms
Info 12   [08:53:35.548] Project '/home/zii/coding/github-commits-frontend/tsconfig.json' (Configured)
Info 13   [08:53:35.548] 	Files (63)

Info 14   [08:53:35.548] -----------------------------------------------
